Version:	1.2.10
Arguments Used:
-b	AAT1_ct.filtered.bam
-i	AAT1_ct.filtered.bam.bai
-g	alb-chr.size
-e	Dalb-at.v1.blacklist.bed
-q	20
--bedgraph	true
--bgscore	true
-o	AAT1_ct.q.b_0
Fragment Expectation Maximum Done
Mean	50.0	StdDevs	20.0
Mean	255.1579529646656	StdDevs	78.51193586175896
Mean	461.09346404485154	StdDevs	34.40252247622466
Mean	642.7726668372502	StdDevs	94.4736058633699
ScalingFactor	69.461954
Training Regions found and Zscore regions for exclusion found
Training Fragment Pileup completed
Kmeans Model:
HMM with 3 state(s)

State 0
  Pi: 0.3333333333333333
  Aij: 0.333 0.333 0.333
  Opdf: Multi-variate Gaussian distribution --- Mean: [ 0.016 0.03 0.019 0.032 ]

State 1
  Pi: 0.3333333333333333
  Aij: 0.333 0.333 0.333
  Opdf: Multi-variate Gaussian distribution --- Mean: [ 0.222 0.649 0.393 0.388 ]

State 2
  Pi: 0.3333333333333333
  Aij: 0.333 0.333 0.333
  Opdf: Multi-variate Gaussian distribution --- Mean: [ 0.664 2.046 1.314 1.359 ]

Model created and refined. See AAT1_ct.q.b_0.model
Model:
HMM with 3 state(s)

State 0
  Pi: 0.3333333333333333
  Aij: 0.992 0.007 0
  Opdf: Multi-variate Gaussian distribution --- Mean: [ 0 0 0 0 ]

State 1
  Pi: 0.3333333333333333
  Aij: 0.013 0.977 0.011
  Opdf: Multi-variate Gaussian distribution --- Mean: [ 0.112 0.34 0.21 0.227 ]

State 2
  Pi: 0.3333333333333333
  Aij: 0.002 0.04 0.958
  Opdf: Multi-variate Gaussian distribution --- Mean: [ 0.345 0.821 0.503 0.551 ]

Genome split and subtracted masked regions
0 round viterbi done
20 round viterbi done
Total time (seconds)= 	3422
