Version:	1.2.10
Arguments Used:
-b	AAT2_ct.filtered.bam
-i	AAT2_ct.filtered.bam.bai
-g	alb-chr.size
-e	Dalb-at.v1.blacklist.bed
-q	20
--bedgraph	true
--bgscore	true
-o	AAT2_ct.q.b_0
Fragment Expectation Maximum Done
Mean	50.0	StdDevs	20.0
Mean	222.03891825717642	StdDevs	75.29960143434982
Mean	437.09821814850307	StdDevs	40.090271404233384
Mean	635.1315506512045	StdDevs	97.50019374945097
ScalingFactor	43.016187
Training Regions found and Zscore regions for exclusion found
Training Fragment Pileup completed
Kmeans Model:
HMM with 3 state(s)

State 0
  Pi: 0.3333333333333333
  Aij: 0.333 0.333 0.333
  Opdf: Multi-variate Gaussian distribution --- Mean: [ 0.017 0.024 0.015 0.023 ]

State 1
  Pi: 0.3333333333333333
  Aij: 0.333 0.333 0.333
  Opdf: Multi-variate Gaussian distribution --- Mean: [ 0.26 0.539 0.333 0.284 ]

State 2
  Pi: 0.3333333333333333
  Aij: 0.333 0.333 0.333
  Opdf: Multi-variate Gaussian distribution --- Mean: [ 0.753 1.715 1.16 1.065 ]

Model created and refined. See AAT2_ct.q.b_0.model
Model:
HMM with 3 state(s)

State 0
  Pi: 0.3333333333333333
  Aij: 0.992 0.008 0
  Opdf: Multi-variate Gaussian distribution --- Mean: [ 0 0 0 0 ]

State 1
  Pi: 0.3333333333333333
  Aij: 0.016 0.974 0.01
  Opdf: Multi-variate Gaussian distribution --- Mean: [ 0.145 0.312 0.199 0.179 ]

State 2
  Pi: 0.3333333333333333
  Aij: 0.001 0.043 0.956
  Opdf: Multi-variate Gaussian distribution --- Mean: [ 0.43 0.745 0.455 0.47 ]

Genome split and subtracted masked regions
0 round viterbi done
21 round viterbi done
Total time (seconds)= 	2169
