Version:	1.2.10
Arguments Used:
-b	aat2.shm.bam
-i	aat2.shm.bam.bai
-g	/home/radhika/atac/info-g/chr.size
-e	/home/radhika/atac/info-g/Dalb-at.v1.blacklist.bed
-q	20
--bedgraph	true
--bgscore	true
-o	aat2_0
Fragment Expectation Maximum Done
Mean	50.0	StdDevs	20.0
Mean	154.95649933263115	StdDevs	29.725035934129604
Mean	352.0714215205504	StdDevs	90.63926366172497
Mean	650.1932980181693	StdDevs	75.67436381547301
ScalingFactor	139.254447
Training Regions found and Zscore regions for exclusion found
Training Fragment Pileup completed
Kmeans Model:
HMM with 3 state(s)

State 0
  Pi: 0.3333333333333333
  Aij: 0.333 0.333 0.333
  Opdf: Multi-variate Gaussian distribution --- Mean: [ 0.06 0.022 0.053 0.038 ]

State 1
  Pi: 0.3333333333333333
  Aij: 0.333 0.333 0.333
  Opdf: Multi-variate Gaussian distribution --- Mean: [ 0.216 0.264 0.739 0.388 ]

State 2
  Pi: 0.3333333333333333
  Aij: 0.333 0.333 0.333
  Opdf: Multi-variate Gaussian distribution --- Mean: [ 0.597 0.813 2.397 1.346 ]

Model created and refined. See aat2_0.model
Model:
HMM with 3 state(s)

State 0
  Pi: 0.3333333333333333
  Aij: 0.986 0.013 0.001
  Opdf: Multi-variate Gaussian distribution --- Mean: [ 0 0 0 0 ]

State 1
  Pi: 0.3333333333333333
  Aij: 0.014 0.972 0.014
  Opdf: Multi-variate Gaussian distribution --- Mean: [ 0.095 0.134 0.403 0.222 ]

State 2
  Pi: 0.3333333333333333
  Aij: 0.002 0.031 0.967
  Opdf: Multi-variate Gaussian distribution --- Mean: [ 0.405 0.254 0.63 0.36 ]

Genome split and subtracted masked regions
0 round viterbi done
19 round viterbi done
Total time (seconds)= 	7707
