Version:	1.2.10
Arguments Used:
-b	ant1.shm.bam
-i	ant1.shm.bam.bai
-g	/home/radhika/atac/info-g/chr.size
-e	/home/radhika/atac/info-g/Dnas-at-dalb.v1.blacklist.bed
-u	40
-l	15
-q	20
--bedgraph	true
--bedgraph	true
--bgscore	true
-o	ant1_5
Fragment Expectation Maximum Done
Mean	50.0	StdDevs	20.0
Mean	236.66636837328025	StdDevs	69.17838243868145
Mean	440.5897843992327	StdDevs	46.12652307119215
Mean	654.0946700358463	StdDevs	98.39503428209218
ScalingFactor	97.408458
Training Regions found and Zscore regions for exclusion found
Training Fragment Pileup completed
Kmeans Model:
HMM with 3 state(s)

State 0
  Pi: 0.3333333333333333
  Aij: 0.333 0.333 0.333
  Opdf: Multi-variate Gaussian distribution --- Mean: [ 0.066 0.059 0.053 0.074 ]

State 1
  Pi: 0.3333333333333333
  Aij: 0.333 0.333 0.333
  Opdf: Multi-variate Gaussian distribution --- Mean: [ 0.227 0.612 0.488 0.463 ]

State 2
  Pi: 0.3333333333333333
  Aij: 0.333 0.333 0.333
  Opdf: Multi-variate Gaussian distribution --- Mean: [ 0.742 2.196 1.736 1.526 ]

Model created and refined. See ant1_5.model
Model:
HMM with 3 state(s)

State 0
  Pi: 0.3333333333333333
  Aij: 0.99 0.008 0.003
  Opdf: Multi-variate Gaussian distribution --- Mean: [ 0.043 0 0 0 ]

State 1
  Pi: 0.3333333333333333
  Aij: 0.007 0.984 0.009
  Opdf: Multi-variate Gaussian distribution --- Mean: [ 0.085 0.283 0.245 0.262 ]

State 2
  Pi: 0.3333333333333333
  Aij: 0.006 0.022 0.972
  Opdf: Multi-variate Gaussian distribution --- Mean: [ 0.366 0.651 0.495 0.483 ]

Genome split and subtracted masked regions
0 round viterbi done
25 round viterbi done
Total time (seconds)= 	5365
