Version:	1.2.10
Arguments Used:
-b	ANT2_ct.filtered.bam
-i	ANT2_ct.filtered.bam.bai
-g	alb-chr.size
-e	Dnas-at-dalb.v1.blacklist.bed
-q	20
--bedgraph	true
--bgscore	true
-o	ANT2_ct.q.b_0
Fragment Expectation Maximum Done
Mean	50.0	StdDevs	20.0
Mean	228.57998729424423	StdDevs	77.25400736982363
Mean	448.1490223069095	StdDevs	38.828647771252236
Mean	649.3396334551678	StdDevs	100.7967376492604
ScalingFactor	44.550907
Training Regions found and Zscore regions for exclusion found
Training Fragment Pileup completed
Kmeans Model:
HMM with 3 state(s)

State 0
  Pi: 0.3333333333333333
  Aij: 0.333 0.333 0.333
  Opdf: Multi-variate Gaussian distribution --- Mean: [ 0.017 0.026 0.017 0.026 ]

State 1
  Pi: 0.3333333333333333
  Aij: 0.333 0.333 0.333
  Opdf: Multi-variate Gaussian distribution --- Mean: [ 0.252 0.566 0.335 0.305 ]

State 2
  Pi: 0.3333333333333333
  Aij: 0.333 0.333 0.333
  Opdf: Multi-variate Gaussian distribution --- Mean: [ 0.752 1.794 1.175 1.114 ]

Model created and refined. See ANT2_ct.q.b_0.model
Model:
HMM with 3 state(s)

State 0
  Pi: 0.3333333333333333
  Aij: 0.992 0.008 0
  Opdf: Multi-variate Gaussian distribution --- Mean: [ 0 0 0 0 ]

State 1
  Pi: 0.3333333333333333
  Aij: 0.014 0.977 0.01
  Opdf: Multi-variate Gaussian distribution --- Mean: [ 0.143 0.334 0.207 0.204 ]

State 2
  Pi: 0.3333333333333333
  Aij: 0.001 0.047 0.952
  Opdf: Multi-variate Gaussian distribution --- Mean: [ 0.434 0.798 0.466 0.479 ]

Genome split and subtracted masked regions
0 round viterbi done
20 round viterbi done
Total time (seconds)= 	2171
