Version:	1.2.10
Arguments Used:
-b	ant2.shm.bam
-i	ant2.shm.bam.bai
-g	/home/radhika/atac/info-g/chr.size
-e	/home/radhika/atac/info-g/Dnas-at-dalb.v1.blacklist.bed
-u	40
-l	20
-q	20
--bedgraph	true
--bedgraph	true
--bgscore	true
-o	ant2_6
Fragment Expectation Maximum Done
Mean	50.0	StdDevs	20.0
Mean	255.62659357297866	StdDevs	75.73341637938387
Mean	445.8666683461829	StdDevs	37.39014903469568
Mean	625.5504613797701	StdDevs	87.94838611191908
ScalingFactor	118.807522
Training Regions found and Zscore regions for exclusion found
Training Fragment Pileup completed
Kmeans Model:
HMM with 3 state(s)

State 0
  Pi: 0.3333333333333333
  Aij: 0.333 0.333 0.333
  Opdf: Multi-variate Gaussian distribution --- Mean: [ 0.062 0.049 0.033 0.05 ]

State 1
  Pi: 0.3333333333333333
  Aij: 0.333 0.333 0.333
  Opdf: Multi-variate Gaussian distribution --- Mean: [ 0.287 0.694 0.473 0.416 ]

State 2
  Pi: 0.3333333333333333
  Aij: 0.333 0.333 0.333
  Opdf: Multi-variate Gaussian distribution --- Mean: [ 0.872 2.567 1.885 1.784 ]

Model created and refined. See ant2_6.model
Model:
HMM with 3 state(s)

State 0
  Pi: 0.3333333333333333
  Aij: 0.987 0.013 0
  Opdf: Multi-variate Gaussian distribution --- Mean: [ 0 0 0 0 ]

State 1
  Pi: 0.3333333333333333
  Aij: 0.012 0.979 0.009
  Opdf: Multi-variate Gaussian distribution --- Mean: [ 0.121 0.279 0.188 0.181 ]

State 2
  Pi: 0.3333333333333333
  Aij: 0 0.024 0.976
  Opdf: Multi-variate Gaussian distribution --- Mean: [ 0.469 0.753 0.535 0.537 ]

Genome split and subtracted masked regions
0 round viterbi done
21 round viterbi done
Total time (seconds)= 	5520
